<?xml version="1.0" encoding="UTF-8"?>
<!-- Generated by org.testng.reporters.JUnitReportReporter -->
<testsuite hostname="DESKTOP-93NIB33" failures="0" tests="1" name="package_01.FB_Login" time="0.012" errors="0" timestamp="2022-07-15T14:37:56 IST" skipped="0">
  <testcase classname="package_01.FB_Login" name="f" time="0.012"/>
  <system-out/>
</testsuite> <!-- package_01.FB_Login -->
